# JRE version: Java(TM) SE Runtime Environment (8.0_112-b15) (build 1.8.0_112-b15)
# Java VM: Java HotSpot(TM) 64-Bit Server VM (25.112-b15 mixed mode windows-amd64 compressed oops)
Heap:
 PSYoungGen      total 57344K, used 24798K [0x00000007bc400000, 0x00000007c0000000, 0x00000007c0000000)
  eden space 52736K, 40% used [0x00000007bc400000,0x00000007bd8fbd98,0x00000007bf780000)
  from space 4608K, 71% used [0x00000007bfb80000,0x00000007bfebbdc8,0x00000007c0000000)
  to   space 4096K, 0% used [0x00000007bf780000,0x00000007bf780000,0x00000007bfb80000)
 ParOldGen       total 414720K, used 195118K [0x0000000700000000, 0x0000000719500000, 0x00000007bc400000)
  object space 414720K, 47% used [0x0000000700000000,0x000000070be8b9d0,0x0000000719500000)
 Metaspace       used 96184K, capacity 97179K, committed 97920K, reserved 1132544K
  class space    used 13879K, capacity 14066K, committed 14208K, reserved 1048576K
GC Heap History (10 events):
Event: 182919.668 GC heap before
{Heap before GC invocations=3071 (full 147):
 PSYoungGen      total 56832K, used 54890K [0x00000007bc400000, 0x00000007c0000000, 0x00000007c0000000)
  eden space 52224K, 100% used [0x00000007bc400000,0x00000007bf700000,0x00000007bf700000)
  from space 4608K, 57% used [0x00000007bf700000,0x00000007bf99a930,0x00000007bfb80000)
  to   space 4608K, 0% used [0x00000007bfb80000,0x00000007bfb80000,0x00000007c0000000)
 ParOldGen       total 414720K, used 195110K [0x0000000700000000, 0x0000000719500000, 0x00000007bc400000)
  object space 414720K, 47% used [0x0000000700000000,0x000000070be899d0,0x0000000719500000)
 Metaspace       used 96184K, capacity 97179K, committed 97920K, reserved 1132544K
  class space    used 13879K, capacity 14066K, committed 14208K, reserved 1048576K
Event: 182919.675 GC heap after
Heap after GC invocations=3071 (full 147):
 PSYoungGen      total 56832K, used 3215K [0x00000007bc400000, 0x00000007c0000000, 0x00000007c0000000)
  eden space 52224K, 0% used [0x00000007bc400000,0x00000007bc400000,0x00000007bf700000)
  from space 4608K, 69% used [0x00000007bfb80000,0x00000007bfea3dc8,0x00000007c0000000)
  to   space 4608K, 0% used [0x00000007bf700000,0x00000007bf700000,0x00000007bfb80000)
 ParOldGen       total 414720K, used 195110K [0x0000000700000000, 0x0000000719500000, 0x00000007bc400000)
  object space 414720K, 47% used [0x0000000700000000,0x000000070be899d0,0x0000000719500000)
 Metaspace       used 96184K, capacity 97179K, committed 97920K, reserved 1132544K
  class space    used 13879K, capacity 14066K, committed 14208K, reserved 1048576K
}
Event: 182946.315 GC heap before
{Heap before GC invocations=3072 (full 147):
 PSYoungGen      total 56832K, used 55439K [0x00000007bc400000, 0x00000007c0000000, 0x00000007c0000000)
  eden space 52224K, 100% used [0x00000007bc400000,0x00000007bf700000,0x00000007bf700000)
  from space 4608K, 69% used [0x00000007bfb80000,0x00000007bfea3dc8,0x00000007c0000000)
  to   space 4608K, 0% used [0x00000007bf700000,0x00000007bf700000,0x00000007bfb80000)
 ParOldGen       total 414720K, used 195110K [0x0000000700000000, 0x0000000719500000, 0x00000007bc400000)
  object space 414720K, 47% used [0x0000000700000000,0x000000070be899d0,0x0000000719500000)
 Metaspace       used 96184K, capacity 97179K, committed 97920K, reserved 1132544K
  class space    used 13879K, capacity 14066K, committed 14208K, reserved 1048576K
Event: 182946.325 GC heap after
Heap after GC invocations=3072 (full 147):
 PSYoungGen      total 56832K, used 3247K [0x00000007bc400000, 0x00000007c0000000, 0x00000007c0000000)
  eden space 52224K, 0% used [0x00000007bc400000,0x00000007bc400000,0x00000007bf700000)
  from space 4608K, 70% used [0x00000007bf700000,0x00000007bfa2bdc8,0x00000007bfb80000)
  to   space 4608K, 0% used [0x00000007bfb80000,0x00000007bfb80000,0x00000007c0000000)
 ParOldGen       total 414720K, used 195110K [0x0000000700000000, 0x0000000719500000, 0x00000007bc400000)
  object space 414720K, 47% used [0x0000000700000000,0x000000070be899d0,0x0000000719500000)
 Metaspace       used 96184K, capacity 97179K, committed 97920K, reserved 1132544K
  class space    used 13879K, capacity 14066K, committed 14208K, reserved 1048576K
}
Event: 182963.297 GC heap before
{Heap before GC invocations=3073 (full 147):
 PSYoungGen      total 56832K, used 55471K [0x00000007bc400000, 0x00000007c0000000, 0x00000007c0000000)
  eden space 52224K, 100% used [0x00000007bc400000,0x00000007bf700000,0x00000007bf700000)
  from space 4608K, 70% used [0x00000007bf700000,0x00000007bfa2bdc8,0x00000007bfb80000)
  to   space 4608K, 0% used [0x00000007bfb80000,0x00000007bfb80000,0x00000007c0000000)
 ParOldGen       total 414720K, used 195110K [0x0000000700000000, 0x0000000719500000, 0x00000007bc400000)
  object space 414720K, 47% used [0x0000000700000000,0x000000070be899d0,0x0000000719500000)
 Metaspace       used 96184K, capacity 97179K, committed 97920K, reserved 1132544K
  class space    used 13879K, capacity 14066K, committed 14208K, reserved 1048576K
Event: 182963.303 GC heap after
Heap after GC invocations=3073 (full 147):
 PSYoungGen      total 56832K, used 3311K [0x00000007bc400000, 0x00000007c0000000, 0x00000007c0000000)
  eden space 52224K, 0% used [0x00000007bc400000,0x00000007bc400000,0x00000007bf700000)
  from space 4608K, 71% used [0x00000007bfb80000,0x00000007bfebbdc8,0x00000007c0000000)
  to   space 4608K, 0% used [0x00000007bf700000,0x00000007bf700000,0x00000007bfb80000)
 ParOldGen       total 414720K, used 195110K [0x0000000700000000, 0x0000000719500000, 0x00000007bc400000)
  object space 414720K, 47% used [0x0000000700000000,0x000000070be899d0,0x0000000719500000)
 Metaspace       used 96184K, capacity 97179K, committed 97920K, reserved 1132544K
  class space    used 13879K, capacity 14066K, committed 14208K, reserved 1048576K
}
Event: 182981.260 GC heap before
{Heap before GC invocations=3074 (full 147):
 PSYoungGen      total 56832K, used 55535K [0x00000007bc400000, 0x00000007c0000000, 0x00000007c0000000)
  eden space 52224K, 100% used [0x00000007bc400000,0x00000007bf700000,0x00000007bf700000)
  from space 4608K, 71% used [0x00000007bfb80000,0x00000007bfebbdc8,0x00000007c0000000)
  to   space 4608K, 0% used [0x00000007bf700000,0x00000007bf700000,0x00000007bfb80000)
 ParOldGen       total 414720K, used 195110K [0x0000000700000000, 0x0000000719500000, 0x00000007bc400000)
  object space 414720K, 47% used [0x0000000700000000,0x000000070be899d0,0x0000000719500000)
 Metaspace       used 96184K, capacity 97179K, committed 97920K, reserved 1132544K
  class space    used 13879K, capacity 14066K, committed 14208K, reserved 1048576K
Event: 182981.268 GC heap after
Heap after GC invocations=3074 (full 147):
 PSYoungGen      total 56832K, used 3439K [0x00000007bc400000, 0x00000007c0000000, 0x00000007c0000000)
  eden space 52224K, 0% used [0x00000007bc400000,0x00000007bc400000,0x00000007bf700000)
  from space 4608K, 74% used [0x00000007bf700000,0x00000007bfa5bdc8,0x00000007bfb80000)
  to   space 4608K, 0% used [0x00000007bfb80000,0x00000007bfb80000,0x00000007c0000000)
 ParOldGen       total 414720K, used 195118K [0x0000000700000000, 0x0000000719500000, 0x00000007bc400000)
  object space 414720K, 47% used [0x0000000700000000,0x000000070be8b9d0,0x0000000719500000)
 Metaspace       used 96184K, capacity 97179K, committed 97920K, reserved 1132544K
  class space    used 13879K, capacity 14066K, committed 14208K, reserved 1048576K
}
Event: 182984.093 GC heap before
{Heap before GC invocations=3075 (full 147):
 PSYoungGen      total 56832K, used 55663K [0x00000007bc400000, 0x00000007c0000000, 0x00000007c0000000)
  eden space 52224K, 100% used [0x00000007bc400000,0x00000007bf700000,0x00000007bf700000)
  from space 4608K, 74% used [0x00000007bf700000,0x00000007bfa5bdc8,0x00000007bfb80000)
  to   space 4608K, 0% used [0x00000007bfb80000,0x00000007bfb80000,0x00000007c0000000)
 ParOldGen       total 414720K, used 195118K [0x0000000700000000, 0x0000000719500000, 0x00000007bc400000)
  object space 414720K, 47% used [0x0000000700000000,0x000000070be8b9d0,0x0000000719500000)
 Metaspace       used 96184K, capacity 97179K, committed 97920K, reserved 1132544K
  class space    used 13879K, capacity 14066K, committed 14208K, reserved 1048576K
Event: 182984.099 GC heap after
Heap after GC invocations=3075 (full 147):
 PSYoungGen      total 57344K, used 3311K [0x00000007bc400000, 0x00000007c0000000, 0x00000007c0000000)
  eden space 52736K, 0% used [0x00000007bc400000,0x00000007bc400000,0x00000007bf780000)
  from space 4608K, 71% used [0x00000007bfb80000,0x00000007bfebbdc8,0x00000007c0000000)
  to   space 4096K, 0% used [0x00000007bf780000,0x00000007bf780000,0x00000007bfb80000)
 ParOldGen       total 414720K, used 195118K [0x0000000700000000, 0x0000000719500000, 0x00000007bc400000)
  object space 414720K, 47% used [0x0000000700000000,0x000000070be8b9d0,0x0000000719500000)
 Metaspace       used 96184K, capacity 97179K, committed 97920K, reserved 1132544K
  class space    used 13879K, capacity 14066K, committed 14208K, reserved 1048576K
}

